xrun(64): 20.09-s009: (c) Copyright 1995-2021 Cadence Design Systems, Inc.
TOOL:	xrun(64)	20.09-s009: Started on Jul 23, 2024 at 06:37:35 PDT
xrun
	-64bit
	-sv
	-notimingcheck
	-gui
	-access +rwc
	-accessreg +rwc
	-debug
	-uvmlinedebug
	-classlinedebug
	-plidebug
	-fsmdebug
	-uvmaccess
	-date
	-dumpstack
	-negdelay
	-timescale 1ns/100ps
	-lwdgen
	-f ../filelist.f
		/home/autumn/Desktop/rs_code/reed_solomon/verilog/bm256_test.v
		/home/autumn/Desktop/rs_code/reed_solomon/verilog/bm_256.v
		/home/autumn/Desktop/rs_code/reed_solomon/verilog/gf256_add.v
		/home/autumn/Desktop/rs_code/reed_solomon/verilog/gf256_inv.v
		/home/autumn/Desktop/rs_code/reed_solomon/verilog/gf256_mul.v
		/home/autumn/Desktop/rs_code/reed_solomon/verilog/gf265_div.v
		/home/autumn/Desktop/rs_code/reed_solomon/verilog/tree_adder.v
		/home/autumn/Desktop/rs_code/reed_solomon/verilog/gf256_power_lut.v
		/home/autumn/Desktop/rs_code/reed_solomon/verilog/syndrome_slice.v
		/home/autumn/Desktop/rs_code/reed_solomon/verilog/syndrome.v
		/home/autumn/Desktop/rs_code/reed_solomon/verilog/syndrome_test.sv
	-input ../run.tcl
	-l xrun.log

Running makelib on:  Jul 23, 2024 at 06:37:35
Compiling UVM packages (uvm_pkg.sv cdns_uvm_pkg.sv) using uvmhome location /usr/Cadence/xrun/tools/methodology/UVM/CDNS-1.1d

Running xmvlog on:  Jul 23, 2024 at 06:37:35
file: /home/autumn/Desktop/rs_code/reed_solomon/verilog/bm256_test.v
	module worklib.BerlekampMassey_tb:v
		errors: 0, warnings: 0
file: /home/autumn/Desktop/rs_code/reed_solomon/verilog/bm_256.v
	module worklib.BerlekampMassey:v
		errors: 0, warnings: 0
file: /home/autumn/Desktop/rs_code/reed_solomon/verilog/gf256_add.v
	module worklib.gf256_add:v
		errors: 0, warnings: 0
file: /home/autumn/Desktop/rs_code/reed_solomon/verilog/gf256_inv.v
	module worklib.gf256_inv:v
		errors: 0, warnings: 0
file: /home/autumn/Desktop/rs_code/reed_solomon/verilog/gf256_mul.v
	module worklib.gf256_mul:v
		errors: 0, warnings: 0
file: /home/autumn/Desktop/rs_code/reed_solomon/verilog/gf265_div.v
	module worklib.gf256_div:v
		errors: 0, warnings: 0
file: /home/autumn/Desktop/rs_code/reed_solomon/verilog/tree_adder.v
	module worklib.tree_adder:v
		errors: 0, warnings: 0
file: /home/autumn/Desktop/rs_code/reed_solomon/verilog/gf256_power_lut.v
	module worklib.gf256_power_lut:v
		errors: 0, warnings: 0
file: /home/autumn/Desktop/rs_code/reed_solomon/verilog/syndrome_slice.v
	module worklib.syndrome_slice:v
		errors: 0, warnings: 0
file: /home/autumn/Desktop/rs_code/reed_solomon/verilog/syndrome.v
	module worklib.syndrome:v
		errors: 0, warnings: 0
file: /home/autumn/Desktop/rs_code/reed_solomon/verilog/syndrome_test.sv
	module worklib.syndrome_tb:sv
		errors: 0, warnings: 0

Running makelibpost on:  Jul 23, 2024 at 06:37:35

Running xmelab on:  Jul 23, 2024 at 06:37:35
		Caching library 'worklib' ....... Done
	Elaborating the design hierarchy:
	Top level design units:
		BerlekampMassey_tb
		tree_adder
		syndrome_tb
xmelab: *W,DSEMEL: This SystemVerilog design will be simulated as per IEEE 1800-2009 SystemVerilog simulation semantics. Use -disable_sem2009 option for turning off SV 2009 simulation semantics.

	Extracting FSMs:
		worklib.gf256_mul
		worklib.gf256_inv
		worklib.gf256_div
		worklib.gf256_add
		worklib.BerlekampMassey
			FSM extracted for state register current_state
		worklib.BerlekampMassey_tb
		worklib.tree_adder
		worklib.gf256_power_lut
		worklib.syndrome_slice
		worklib.syndrome
		worklib.syndrome_tb
	Total FSMs extracted = 1
            .a(gen_i < L ? C[gen_i+1] : 8'b0),  // 只使用 C[1] 到 C[L]
                           |
xmelab: *W,BNDMEM (../bm_256.v,168|27): Memory index out of declared bounds.
            .i          (gen_i),
                             |
xmelab: *W,CUVMPW (../syndrome.v,22|29): port sizes differ in port connection(32/4) for the instance(syndrome_tb.uut.gen_syndrome_slice[15]) .
            .addr   ((((cnt) * 16 + gen_i )* (i + 1) % 255)),
                                                     |
xmelab: *W,CUVMPW (../syndrome_slice.v,29|53): port sizes differ in port connection(32/8) for the instance(syndrome_tb.uut.gen_syndrome_slice[15].syndrome_slice_int.genblk1[15]) .
            .addr   ((((cnt) * 16 + gen_i )* (i + 1) % 255)),
                                                     |
xmelab: *W,CUVMPW (../syndrome_slice.v,29|53): port sizes differ in port connection(32/8) for the instance(syndrome_tb.uut.gen_syndrome_slice[15].syndrome_slice_int.genblk1[14]) .
            .addr   ((((cnt) * 16 + gen_i )* (i + 1) % 255)),
                                                     |
xmelab: *W,CUVMPW (../syndrome_slice.v,29|53): port sizes differ in port connection(32/8) for the instance(syndrome_tb.uut.gen_syndrome_slice[15].syndrome_slice_int.genblk1[13]) .
            .addr   ((((cnt) * 16 + gen_i )* (i + 1) % 255)),
                                                     |
xmelab: *W,CUVMPW (../syndrome_slice.v,29|53): port sizes differ in port connection(32/8) for the instance(syndrome_tb.uut.gen_syndrome_slice[15].syndrome_slice_int.genblk1[12]) .
            .addr   ((((cnt) * 16 + gen_i )* (i + 1) % 255)),
                                                     |
xmelab: *W,CUVMPW (../syndrome_slice.v,29|53): port sizes differ in port connection(32/8) for the instance(syndrome_tb.uut.gen_syndrome_slice[15].syndrome_slice_int.genblk1[11]) .
            .addr   ((((cnt) * 16 + gen_i )* (i + 1) % 255)),
                                                     |
xmelab: *W,CUVMPW (../syndrome_slice.v,29|53): port sizes differ in port connection(32/8) for the instance(syndrome_tb.uut.gen_syndrome_slice[15].syndrome_slice_int.genblk1[10]) .
            .addr   ((((cnt) * 16 + gen_i )* (i + 1) % 255)),
                                                     |
xmelab: *W,CUVMPW (../syndrome_slice.v,29|53): port sizes differ in port connection(32/8) for the instance(syndrome_tb.uut.gen_syndrome_slice[15].syndrome_slice_int.genblk1[9]) .
            .addr   ((((cnt) * 16 + gen_i )* (i + 1) % 255)),
                                                     |
xmelab: *W,CUVMPW (../syndrome_slice.v,29|53): port sizes differ in port connection(32/8) for the instance(syndrome_tb.uut.gen_syndrome_slice[15].syndrome_slice_int.genblk1[8]) .
            .addr   ((((cnt) * 16 + gen_i )* (i + 1) % 255)),
                                                     |
xmelab: *W,CUVMPW (../syndrome_slice.v,29|53): port sizes differ in port connection(32/8) for the instance(syndrome_tb.uut.gen_syndrome_slice[15].syndrome_slice_int.genblk1[7]) .
            .addr   ((((cnt) * 16 + gen_i )* (i + 1) % 255)),
                                                     |
xmelab: *W,CUVMPW (../syndrome_slice.v,29|53): port sizes differ in port connection(32/8) for the instance(syndrome_tb.uut.gen_syndrome_slice[15].syndrome_slice_int.genblk1[6]) .
            .addr   ((((cnt) * 16 + gen_i )* (i + 1) % 255)),
                                                     |
xmelab: *W,CUVMPW (../syndrome_slice.v,29|53): port sizes differ in port connection(32/8) for the instance(syndrome_tb.uut.gen_syndrome_slice[15].syndrome_slice_int.genblk1[5]) .
            .addr   ((((cnt) * 16 + gen_i )* (i + 1) % 255)),
                                                     |
xmelab: *W,CUVMPW (../syndrome_slice.v,29|53): port sizes differ in port connection(32/8) for the instance(syndrome_tb.uut.gen_syndrome_slice[15].syndrome_slice_int.genblk1[4]) .
            .addr   ((((cnt) * 16 + gen_i )* (i + 1) % 255)),
                                                     |
xmelab: *W,CUVMPW (../syndrome_slice.v,29|53): port sizes differ in port connection(32/8) for the instance(syndrome_tb.uut.gen_syndrome_slice[15].syndrome_slice_int.genblk1[3]) .
            .addr   ((((cnt) * 16 + gen_i )* (i + 1) % 255)),
                                                     |
xmelab: *W,CUVMPW (../syndrome_slice.v,29|53): port sizes differ in port connection(32/8) for the instance(syndrome_tb.uut.gen_syndrome_slice[15].syndrome_slice_int.genblk1[2]) .
            .addr   ((((cnt) * 16 + gen_i )* (i + 1) % 255)),
                                                     |
xmelab: *W,CUVMPW (../syndrome_slice.v,29|53): port sizes differ in port connection(32/8) for the instance(syndrome_tb.uut.gen_syndrome_slice[15].syndrome_slice_int.genblk1[1]) .
            .addr   ((((cnt) * 16 + gen_i )* (i + 1) % 255)),
                                                     |
xmelab: *W,CUVMPW (../syndrome_slice.v,29|53): port sizes differ in port connection(32/8) for the instance(syndrome_tb.uut.gen_syndrome_slice[15].syndrome_slice_int.genblk1[0]) .
            .i          (gen_i),
                             |
xmelab: *W,CUVMPW (../syndrome.v,22|29): port sizes differ in port connection(32/4) for the instance(syndrome_tb.uut.gen_syndrome_slice[14]) .
            .addr   ((((cnt) * 16 + gen_i )* (i + 1) % 255)),
                                                     |
xmelab: *W,CUVMPW (../syndrome_slice.v,29|53): port sizes differ in port connection(32/8) for the instance(syndrome_tb.uut.gen_syndrome_slice[14].syndrome_slice_int.genblk1[15]) .
            .addr   ((((cnt) * 16 + gen_i )* (i + 1) % 255)),
                                                     |
xmelab: *W,CUVMPW (../syndrome_slice.v,29|53): port sizes differ in port connection(32/8) for the instance(syndrome_tb.uut.gen_syndrome_slice[14].syndrome_slice_int.genblk1[14]) .
            .addr   ((((cnt) * 16 + gen_i )* (i + 1) % 255)),
                                                     |
xmelab: *W,CUVMPW (../syndrome_slice.v,29|53): port sizes differ in port connection(32/8) for the instance(syndrome_tb.uut.gen_syndrome_slice[14].syndrome_slice_int.genblk1[13]) .
            .addr   ((((cnt) * 16 + gen_i )* (i + 1) % 255)),
                                                     |
xmelab: *W,CUVMPW (../syndrome_slice.v,29|53): port sizes differ in port connection(32/8) for the instance(syndrome_tb.uut.gen_syndrome_slice[14].syndrome_slice_int.genblk1[12]) .
            .addr   ((((cnt) * 16 + gen_i )* (i + 1) % 255)),
                                                     |
xmelab: *W,CUVMPW (../syndrome_slice.v,29|53): port sizes differ in port connection(32/8) for the instance(syndrome_tb.uut.gen_syndrome_slice[14].syndrome_slice_int.genblk1[11]) .
            .addr   ((((cnt) * 16 + gen_i )* (i + 1) % 255)),
                                                     |
xmelab: *W,CUVMPW (../syndrome_slice.v,29|53): port sizes differ in port connection(32/8) for the instance(syndrome_tb.uut.gen_syndrome_slice[14].syndrome_slice_int.genblk1[10]) .
            .addr   ((((cnt) * 16 + gen_i )* (i + 1) % 255)),
                                                     |
xmelab: *W,CUVMPW (../syndrome_slice.v,29|53): port sizes differ in port connection(32/8) for the instance(syndrome_tb.uut.gen_syndrome_slice[14].syndrome_slice_int.genblk1[9]) .
            .addr   ((((cnt) * 16 + gen_i )* (i + 1) % 255)),
                                                     |
xmelab: *W,CUVMPW (../syndrome_slice.v,29|53): port sizes differ in port connection(32/8) for the instance(syndrome_tb.uut.gen_syndrome_slice[14].syndrome_slice_int.genblk1[8]) .
            .addr   ((((cnt) * 16 + gen_i )* (i + 1) % 255)),
                                                     |
xmelab: *W,CUVMPW (../syndrome_slice.v,29|53): port sizes differ in port connection(32/8) for the instance(syndrome_tb.uut.gen_syndrome_slice[14].syndrome_slice_int.genblk1[7]) .
            .addr   ((((cnt) * 16 + gen_i )* (i + 1) % 255)),
                                                     |
xmelab: *W,CUVMPW (../syndrome_slice.v,29|53): port sizes differ in port connection(32/8) for the instance(syndrome_tb.uut.gen_syndrome_slice[14].syndrome_slice_int.genblk1[6]) .
            .addr   ((((cnt) * 16 + gen_i )* (i + 1) % 255)),
                                                     |
xmelab: *W,CUVMPW (../syndrome_slice.v,29|53): port sizes differ in port connection(32/8) for the instance(syndrome_tb.uut.gen_syndrome_slice[14].syndrome_slice_int.genblk1[5]) .
            .addr   ((((cnt) * 16 + gen_i )* (i + 1) % 255)),
                                                     |
xmelab: *W,CUVMPW (../syndrome_slice.v,29|53): port sizes differ in port connection(32/8) for the instance(syndrome_tb.uut.gen_syndrome_slice[14].syndrome_slice_int.genblk1[4]) .
            .addr   ((((cnt) * 16 + gen_i )* (i + 1) % 255)),
                                                     |
xmelab: *W,CUVMPW (../syndrome_slice.v,29|53): port sizes differ in port connection(32/8) for the instance(syndrome_tb.uut.gen_syndrome_slice[14].syndrome_slice_int.genblk1[3]) .
            .addr   ((((cnt) * 16 + gen_i )* (i + 1) % 255)),
                                                     |
xmelab: *W,CUVMPW (../syndrome_slice.v,29|53): port sizes differ in port connection(32/8) for the instance(syndrome_tb.uut.gen_syndrome_slice[14].syndrome_slice_int.genblk1[2]) .
            .addr   ((((cnt) * 16 + gen_i )* (i + 1) % 255)),
                                                     |
xmelab: *W,CUVMPW (../syndrome_slice.v,29|53): port sizes differ in port connection(32/8) for the instance(syndrome_tb.uut.gen_syndrome_slice[14].syndrome_slice_int.genblk1[1]) .
            .addr   ((((cnt) * 16 + gen_i )* (i + 1) % 255)),
                                                     |
xmelab: *W,CUVMPW (../syndrome_slice.v,29|53): port sizes differ in port connection(32/8) for the instance(syndrome_tb.uut.gen_syndrome_slice[14].syndrome_slice_int.genblk1[0]) .
            .i          (gen_i),
                             |
xmelab: *W,CUVMPW (../syndrome.v,22|29): port sizes differ in port connection(32/4) for the instance(syndrome_tb.uut.gen_syndrome_slice[13]) .
            .addr   ((((cnt) * 16 + gen_i )* (i + 1) % 255)),
                                                     |
xmelab: *W,CUVMPW (../syndrome_slice.v,29|53): port sizes differ in port connection(32/8) for the instance(syndrome_tb.uut.gen_syndrome_slice[13].syndrome_slice_int.genblk1[15]) .
            .addr   ((((cnt) * 16 + gen_i )* (i + 1) % 255)),
                                                     |
xmelab: *W,CUVMPW (../syndrome_slice.v,29|53): port sizes differ in port connection(32/8) for the instance(syndrome_tb.uut.gen_syndrome_slice[13].syndrome_slice_int.genblk1[14]) .
            .addr   ((((cnt) * 16 + gen_i )* (i + 1) % 255)),
                                                     |
xmelab: *W,CUVMPW (../syndrome_slice.v,29|53): port sizes differ in port connection(32/8) for the instance(syndrome_tb.uut.gen_syndrome_slice[13].syndrome_slice_int.genblk1[13]) .
            .addr   ((((cnt) * 16 + gen_i )* (i + 1) % 255)),
                                                     |
xmelab: *W,CUVMPW (../syndrome_slice.v,29|53): port sizes differ in port connection(32/8) for the instance(syndrome_tb.uut.gen_syndrome_slice[13].syndrome_slice_int.genblk1[12]) .
            .addr   ((((cnt) * 16 + gen_i )* (i + 1) % 255)),
                                                     |
xmelab: *W,CUVMPW (../syndrome_slice.v,29|53): port sizes differ in port connection(32/8) for the instance(syndrome_tb.uut.gen_syndrome_slice[13].syndrome_slice_int.genblk1[11]) .
            .addr   ((((cnt) * 16 + gen_i )* (i + 1) % 255)),
                                                     |
xmelab: *W,CUVMPW (../syndrome_slice.v,29|53): port sizes differ in port connection(32/8) for the instance(syndrome_tb.uut.gen_syndrome_slice[13].syndrome_slice_int.genblk1[10]) .
            .addr   ((((cnt) * 16 + gen_i )* (i + 1) % 255)),
                                                     |
xmelab: *W,CUVMPW (../syndrome_slice.v,29|53): port sizes differ in port connection(32/8) for the instance(syndrome_tb.uut.gen_syndrome_slice[13].syndrome_slice_int.genblk1[9]) .
            .addr   ((((cnt) * 16 + gen_i )* (i + 1) % 255)),
                                                     |
xmelab: *W,CUVMPW (../syndrome_slice.v,29|53): port sizes differ in port connection(32/8) for the instance(syndrome_tb.uut.gen_syndrome_slice[13].syndrome_slice_int.genblk1[8]) .
            .addr   ((((cnt) * 16 + gen_i )* (i + 1) % 255)),
                                                     |
xmelab: *W,CUVMPW (../syndrome_slice.v,29|53): port sizes differ in port connection(32/8) for the instance(syndrome_tb.uut.gen_syndrome_slice[13].syndrome_slice_int.genblk1[7]) .
            .addr   ((((cnt) * 16 + gen_i )* (i + 1) % 255)),
                                                     |
xmelab: *W,CUVMPW (../syndrome_slice.v,29|53): port sizes differ in port connection(32/8) for the instance(syndrome_tb.uut.gen_syndrome_slice[13].syndrome_slice_int.genblk1[6]) .
            .addr   ((((cnt) * 16 + gen_i )* (i + 1) % 255)),
                                                     |
xmelab: *W,CUVMPW (../syndrome_slice.v,29|53): port sizes differ in port connection(32/8) for the instance(syndrome_tb.uut.gen_syndrome_slice[13].syndrome_slice_int.genblk1[5]) .
            .addr   ((((cnt) * 16 + gen_i )* (i + 1) % 255)),
                                                     |
xmelab: *W,CUVMPW (../syndrome_slice.v,29|53): port sizes differ in port connection(32/8) for the instance(syndrome_tb.uut.gen_syndrome_slice[13].syndrome_slice_int.genblk1[4]) .
            .addr   ((((cnt) * 16 + gen_i )* (i + 1) % 255)),
                                                     |
xmelab: *W,CUVMPW (../syndrome_slice.v,29|53): port sizes differ in port connection(32/8) for the instance(syndrome_tb.uut.gen_syndrome_slice[13].syndrome_slice_int.genblk1[3]) .
            .addr   ((((cnt) * 16 + gen_i )* (i + 1) % 255)),
                                                     |
xmelab: *W,CUVMPW (../syndrome_slice.v,29|53): port sizes differ in port connection(32/8) for the instance(syndrome_tb.uut.gen_syndrome_slice[13].syndrome_slice_int.genblk1[2]) .
            .addr   ((((cnt) * 16 + gen_i )* (i + 1) % 255)),
                                                     |
xmelab: *W,CUVMPW (../syndrome_slice.v,29|53): port sizes differ in port connection(32/8) for the instance(syndrome_tb.uut.gen_syndrome_slice[13].syndrome_slice_int.genblk1[1]) .
            .addr   ((((cnt) * 16 + gen_i )* (i + 1) % 255)),
                                                     |
xmelab: *W,CUVMPW (../syndrome_slice.v,29|53): port sizes differ in port connection(32/8) for the instance(syndrome_tb.uut.gen_syndrome_slice[13].syndrome_slice_int.genblk1[0]) .
            .i          (gen_i),
                             |
xmelab: *W,CUVMPW (../syndrome.v,22|29): port sizes differ in port connection(32/4) for the instance(syndrome_tb.uut.gen_syndrome_slice[12]) .
            .addr   ((((cnt) * 16 + gen_i )* (i + 1) % 255)),
                                                     |
xmelab: *W,CUVMPW (../syndrome_slice.v,29|53): port sizes differ in port connection(32/8) for the instance(syndrome_tb.uut.gen_syndrome_slice[12].syndrome_slice_int.genblk1[15]) .
            .addr   ((((cnt) * 16 + gen_i )* (i + 1) % 255)),
                                                     |
xmelab: *W,CUVMPW (../syndrome_slice.v,29|53): port sizes differ in port connection(32/8) for the instance(syndrome_tb.uut.gen_syndrome_slice[12].syndrome_slice_int.genblk1[14]) .
            .addr   ((((cnt) * 16 + gen_i )* (i + 1) % 255)),
                                                     |
xmelab: *W,CUVMPW (../syndrome_slice.v,29|53): port sizes differ in port connection(32/8) for the instance(syndrome_tb.uut.gen_syndrome_slice[12].syndrome_slice_int.genblk1[13]) .
            .addr   ((((cnt) * 16 + gen_i )* (i + 1) % 255)),
                                                     |
xmelab: *W,CUVMPW (../syndrome_slice.v,29|53): port sizes differ in port connection(32/8) for the instance(syndrome_tb.uut.gen_syndrome_slice[12].syndrome_slice_int.genblk1[12]) .
            .addr   ((((cnt) * 16 + gen_i )* (i + 1) % 255)),
                                                     |
xmelab: *W,CUVMPW (../syndrome_slice.v,29|53): port sizes differ in port connection(32/8) for the instance(syndrome_tb.uut.gen_syndrome_slice[12].syndrome_slice_int.genblk1[11]) .
            .addr   ((((cnt) * 16 + gen_i )* (i + 1) % 255)),
                                                     |
xmelab: *W,CUVMPW (../syndrome_slice.v,29|53): port sizes differ in port connection(32/8) for the instance(syndrome_tb.uut.gen_syndrome_slice[12].syndrome_slice_int.genblk1[10]) .
            .addr   ((((cnt) * 16 + gen_i )* (i + 1) % 255)),
                                                     |
xmelab: *W,CUVMPW (../syndrome_slice.v,29|53): port sizes differ in port connection(32/8) for the instance(syndrome_tb.uut.gen_syndrome_slice[12].syndrome_slice_int.genblk1[9]) .
            .addr   ((((cnt) * 16 + gen_i )* (i + 1) % 255)),
                                                     |
xmelab: *W,CUVMPW (../syndrome_slice.v,29|53): port sizes differ in port connection(32/8) for the instance(syndrome_tb.uut.gen_syndrome_slice[12].syndrome_slice_int.genblk1[8]) .
            .addr   ((((cnt) * 16 + gen_i )* (i + 1) % 255)),
                                                     |
xmelab: *W,CUVMPW (../syndrome_slice.v,29|53): port sizes differ in port connection(32/8) for the instance(syndrome_tb.uut.gen_syndrome_slice[12].syndrome_slice_int.genblk1[7]) .
            .addr   ((((cnt) * 16 + gen_i )* (i + 1) % 255)),
                                                     |
xmelab: *W,CUVMPW (../syndrome_slice.v,29|53): port sizes differ in port connection(32/8) for the instance(syndrome_tb.uut.gen_syndrome_slice[12].syndrome_slice_int.genblk1[6]) .
            .addr   ((((cnt) * 16 + gen_i )* (i + 1) % 255)),
                                                     |
xmelab: *W,CUVMPW (../syndrome_slice.v,29|53): port sizes differ in port connection(32/8) for the instance(syndrome_tb.uut.gen_syndrome_slice[12].syndrome_slice_int.genblk1[5]) .
            .addr   ((((cnt) * 16 + gen_i )* (i + 1) % 255)),
                                                     |
xmelab: *W,CUVMPW (../syndrome_slice.v,29|53): port sizes differ in port connection(32/8) for the instance(syndrome_tb.uut.gen_syndrome_slice[12].syndrome_slice_int.genblk1[4]) .
            .addr   ((((cnt) * 16 + gen_i )* (i + 1) % 255)),
                                                     |
xmelab: *W,CUVMPW (../syndrome_slice.v,29|53): port sizes differ in port connection(32/8) for the instance(syndrome_tb.uut.gen_syndrome_slice[12].syndrome_slice_int.genblk1[3]) .
            .addr   ((((cnt) * 16 + gen_i )* (i + 1) % 255)),
                                                     |
xmelab: *W,CUVMPW (../syndrome_slice.v,29|53): port sizes differ in port connection(32/8) for the instance(syndrome_tb.uut.gen_syndrome_slice[12].syndrome_slice_int.genblk1[2]) .
            .addr   ((((cnt) * 16 + gen_i )* (i + 1) % 255)),
                                                     |
xmelab: *W,CUVMPW (../syndrome_slice.v,29|53): port sizes differ in port connection(32/8) for the instance(syndrome_tb.uut.gen_syndrome_slice[12].syndrome_slice_int.genblk1[1]) .
            .addr   ((((cnt) * 16 + gen_i )* (i + 1) % 255)),
                                                     |
xmelab: *W,CUVMPW (../syndrome_slice.v,29|53): port sizes differ in port connection(32/8) for the instance(syndrome_tb.uut.gen_syndrome_slice[12].syndrome_slice_int.genblk1[0]) .
            .i          (gen_i),
                             |
xmelab: *W,CUVMPW (../syndrome.v,22|29): port sizes differ in port connection(32/4) for the instance(syndrome_tb.uut.gen_syndrome_slice[11]) .
            .addr   ((((cnt) * 16 + gen_i )* (i + 1) % 255)),
                                                     |
xmelab: *W,CUVMPW (../syndrome_slice.v,29|53): port sizes differ in port connection(32/8) for the instance(syndrome_tb.uut.gen_syndrome_slice[11].syndrome_slice_int.genblk1[15]) .
            .addr   ((((cnt) * 16 + gen_i )* (i + 1) % 255)),
                                                     |
xmelab: *W,CUVMPW (../syndrome_slice.v,29|53): port sizes differ in port connection(32/8) for the instance(syndrome_tb.uut.gen_syndrome_slice[11].syndrome_slice_int.genblk1[14]) .
            .addr   ((((cnt) * 16 + gen_i )* (i + 1) % 255)),
                                                     |
xmelab: *W,CUVMPW (../syndrome_slice.v,29|53): port sizes differ in port connection(32/8) for the instance(syndrome_tb.uut.gen_syndrome_slice[11].syndrome_slice_int.genblk1[13]) .
            .addr   ((((cnt) * 16 + gen_i )* (i + 1) % 255)),
                                                     |
xmelab: *W,CUVMPW (../syndrome_slice.v,29|53): port sizes differ in port connection(32/8) for the instance(syndrome_tb.uut.gen_syndrome_slice[11].syndrome_slice_int.genblk1[12]) .
            .addr   ((((cnt) * 16 + gen_i )* (i + 1) % 255)),
                                                     |
xmelab: *W,CUVMPW (../syndrome_slice.v,29|53): port sizes differ in port connection(32/8) for the instance(syndrome_tb.uut.gen_syndrome_slice[11].syndrome_slice_int.genblk1[11]) .
            .addr   ((((cnt) * 16 + gen_i )* (i + 1) % 255)),
                                                     |
xmelab: *W,CUVMPW (../syndrome_slice.v,29|53): port sizes differ in port connection(32/8) for the instance(syndrome_tb.uut.gen_syndrome_slice[11].syndrome_slice_int.genblk1[10]) .
            .addr   ((((cnt) * 16 + gen_i )* (i + 1) % 255)),
                                                     |
xmelab: *W,CUVMPW (../syndrome_slice.v,29|53): port sizes differ in port connection(32/8) for the instance(syndrome_tb.uut.gen_syndrome_slice[11].syndrome_slice_int.genblk1[9]) .
            .addr   ((((cnt) * 16 + gen_i )* (i + 1) % 255)),
                                                     |
xmelab: *W,CUVMPW (../syndrome_slice.v,29|53): port sizes differ in port connection(32/8) for the instance(syndrome_tb.uut.gen_syndrome_slice[11].syndrome_slice_int.genblk1[8]) .
            .addr   ((((cnt) * 16 + gen_i )* (i + 1) % 255)),
                                                     |
xmelab: *W,CUVMPW (../syndrome_slice.v,29|53): port sizes differ in port connection(32/8) for the instance(syndrome_tb.uut.gen_syndrome_slice[11].syndrome_slice_int.genblk1[7]) .
            .addr   ((((cnt) * 16 + gen_i )* (i + 1) % 255)),
                                                     |
xmelab: *W,CUVMPW (../syndrome_slice.v,29|53): port sizes differ in port connection(32/8) for the instance(syndrome_tb.uut.gen_syndrome_slice[11].syndrome_slice_int.genblk1[6]) .
            .addr   ((((cnt) * 16 + gen_i )* (i + 1) % 255)),
                                                     |
xmelab: *W,CUVMPW (../syndrome_slice.v,29|53): port sizes differ in port connection(32/8) for the instance(syndrome_tb.uut.gen_syndrome_slice[11].syndrome_slice_int.genblk1[5]) .
            .addr   ((((cnt) * 16 + gen_i )* (i + 1) % 255)),
                                                     |
xmelab: *W,CUVMPW (../syndrome_slice.v,29|53): port sizes differ in port connection(32/8) for the instance(syndrome_tb.uut.gen_syndrome_slice[11].syndrome_slice_int.genblk1[4]) .
            .addr   ((((cnt) * 16 + gen_i )* (i + 1) % 255)),
                                                     |
xmelab: *W,CUVMPW (../syndrome_slice.v,29|53): port sizes differ in port connection(32/8) for the instance(syndrome_tb.uut.gen_syndrome_slice[11].syndrome_slice_int.genblk1[3]) .
            .addr   ((((cnt) * 16 + gen_i )* (i + 1) % 255)),
                                                     |
xmelab: *W,CUVMPW (../syndrome_slice.v,29|53): port sizes differ in port connection(32/8) for the instance(syndrome_tb.uut.gen_syndrome_slice[11].syndrome_slice_int.genblk1[2]) .
            .addr   ((((cnt) * 16 + gen_i )* (i + 1) % 255)),
                                                     |
xmelab: *W,CUVMPW (../syndrome_slice.v,29|53): port sizes differ in port connection(32/8) for the instance(syndrome_tb.uut.gen_syndrome_slice[11].syndrome_slice_int.genblk1[1]) .
            .addr   ((((cnt) * 16 + gen_i )* (i + 1) % 255)),
                                                     |
xmelab: *W,CUVMPW (../syndrome_slice.v,29|53): port sizes differ in port connection(32/8) for the instance(syndrome_tb.uut.gen_syndrome_slice[11].syndrome_slice_int.genblk1[0]) .
            .i          (gen_i),
                             |
xmelab: *W,CUVMPW (../syndrome.v,22|29): port sizes differ in port connection(32/4) for the instance(syndrome_tb.uut.gen_syndrome_slice[10]) .
            .addr   ((((cnt) * 16 + gen_i )* (i + 1) % 255)),
                                                     |
xmelab: *W,CUVMPW (../syndrome_slice.v,29|53): port sizes differ in port connection(32/8) for the instance(syndrome_tb.uut.gen_syndrome_slice[10].syndrome_slice_int.genblk1[15]) .
            .addr   ((((cnt) * 16 + gen_i )* (i + 1) % 255)),
                                                     |
xmelab: *W,CUVMPW (../syndrome_slice.v,29|53): port sizes differ in port connection(32/8) for the instance(syndrome_tb.uut.gen_syndrome_slice[10].syndrome_slice_int.genblk1[14]) .
            .addr   ((((cnt) * 16 + gen_i )* (i + 1) % 255)),
                                                     |
xmelab: *W,CUVMPW (../syndrome_slice.v,29|53): port sizes differ in port connection(32/8) for the instance(syndrome_tb.uut.gen_syndrome_slice[10].syndrome_slice_int.genblk1[13]) .
            .addr   ((((cnt) * 16 + gen_i )* (i + 1) % 255)),
                                                     |
xmelab: *W,CUVMPW (../syndrome_slice.v,29|53): port sizes differ in port connection(32/8) for the instance(syndrome_tb.uut.gen_syndrome_slice[10].syndrome_slice_int.genblk1[12]) .
            .addr   ((((cnt) * 16 + gen_i )* (i + 1) % 255)),
                                                     |
xmelab: *W,CUVMPW (../syndrome_slice.v,29|53): port sizes differ in port connection(32/8) for the instance(syndrome_tb.uut.gen_syndrome_slice[10].syndrome_slice_int.genblk1[11]) .
            .addr   ((((cnt) * 16 + gen_i )* (i + 1) % 255)),
                                                     |
xmelab: *W,CUVMPW (../syndrome_slice.v,29|53): port sizes differ in port connection(32/8) for the instance(syndrome_tb.uut.gen_syndrome_slice[10].syndrome_slice_int.genblk1[10]) .
            .addr   ((((cnt) * 16 + gen_i )* (i + 1) % 255)),
                                                     |
xmelab: *W,CUVMPW (../syndrome_slice.v,29|53): port sizes differ in port connection(32/8) for the instance(syndrome_tb.uut.gen_syndrome_slice[10].syndrome_slice_int.genblk1[9]) .
            .addr   ((((cnt) * 16 + gen_i )* (i + 1) % 255)),
                                                     |
xmelab: *W,CUVMPW (../syndrome_slice.v,29|53): port sizes differ in port connection(32/8) for the instance(syndrome_tb.uut.gen_syndrome_slice[10].syndrome_slice_int.genblk1[8]) .
            .addr   ((((cnt) * 16 + gen_i )* (i + 1) % 255)),
                                                     |
xmelab: *W,CUVMPW (../syndrome_slice.v,29|53): port sizes differ in port connection(32/8) for the instance(syndrome_tb.uut.gen_syndrome_slice[10].syndrome_slice_int.genblk1[7]) .
            .addr   ((((cnt) * 16 + gen_i )* (i + 1) % 255)),
                                                     |
xmelab: *W,CUVMPW (../syndrome_slice.v,29|53): port sizes differ in port connection(32/8) for the instance(syndrome_tb.uut.gen_syndrome_slice[10].syndrome_slice_int.genblk1[6]) .
            .addr   ((((cnt) * 16 + gen_i )* (i + 1) % 255)),
                                                     |
xmelab: *W,CUVMPW (../syndrome_slice.v,29|53): port sizes differ in port connection(32/8) for the instance(syndrome_tb.uut.gen_syndrome_slice[10].syndrome_slice_int.genblk1[5]) .
            .addr   ((((cnt) * 16 + gen_i )* (i + 1) % 255)),
                                                     |
xmelab: *W,CUVMPW (../syndrome_slice.v,29|53): port sizes differ in port connection(32/8) for the instance(syndrome_tb.uut.gen_syndrome_slice[10].syndrome_slice_int.genblk1[4]) .
            .addr   ((((cnt) * 16 + gen_i )* (i + 1) % 255)),
                                                     |
xmelab: *W,CUVMPW (../syndrome_slice.v,29|53): port sizes differ in port connection(32/8) for the instance(syndrome_tb.uut.gen_syndrome_slice[10].syndrome_slice_int.genblk1[3]) .
            .addr   ((((cnt) * 16 + gen_i )* (i + 1) % 255)),
                                                     |
xmelab: *W,CUVMPW (../syndrome_slice.v,29|53): port sizes differ in port connection(32/8) for the instance(syndrome_tb.uut.gen_syndrome_slice[10].syndrome_slice_int.genblk1[2]) .
            .addr   ((((cnt) * 16 + gen_i )* (i + 1) % 255)),
                                                     |
xmelab: *W,CUVMPW (../syndrome_slice.v,29|53): port sizes differ in port connection(32/8) for the instance(syndrome_tb.uut.gen_syndrome_slice[10].syndrome_slice_int.genblk1[1]) .
            .addr   ((((cnt) * 16 + gen_i )* (i + 1) % 255)),
                                                     |
xmelab: *W,CUVMPW (../syndrome_slice.v,29|53): port sizes differ in port connection(32/8) for the instance(syndrome_tb.uut.gen_syndrome_slice[10].syndrome_slice_int.genblk1[0]) .
            .i          (gen_i),
                             |
xmelab: *W,CUVMPW (../syndrome.v,22|29): port sizes differ in port connection(32/4) for the instance(syndrome_tb.uut.gen_syndrome_slice[9]) .
            .addr   ((((cnt) * 16 + gen_i )* (i + 1) % 255)),
                                                     |
xmelab: *W,CUVMPW (../syndrome_slice.v,29|53): port sizes differ in port connection(32/8) for the instance(syndrome_tb.uut.gen_syndrome_slice[9].syndrome_slice_int.genblk1[15]) .
            .addr   ((((cnt) * 16 + gen_i )* (i + 1) % 255)),
                                                     |
xmelab: *W,CUVMPW (../syndrome_slice.v,29|53): port sizes differ in port connection(32/8) for the instance(syndrome_tb.uut.gen_syndrome_slice[9].syndrome_slice_int.genblk1[14]) .
            .addr   ((((cnt) * 16 + gen_i )* (i + 1) % 255)),
                                                     |
xmelab: *W,CUVMPW (../syndrome_slice.v,29|53): port sizes differ in port connection(32/8) for the instance(syndrome_tb.uut.gen_syndrome_slice[9].syndrome_slice_int.genblk1[13]) .
            .addr   ((((cnt) * 16 + gen_i )* (i + 1) % 255)),
                                                     |
xmelab: *W,CUVMPW (../syndrome_slice.v,29|53): port sizes differ in port connection(32/8) for the instance(syndrome_tb.uut.gen_syndrome_slice[9].syndrome_slice_int.genblk1[12]) .
            .addr   ((((cnt) * 16 + gen_i )* (i + 1) % 255)),
                                                     |
xmelab: *W,CUVMPW (../syndrome_slice.v,29|53): port sizes differ in port connection(32/8) for the instance(syndrome_tb.uut.gen_syndrome_slice[9].syndrome_slice_int.genblk1[11]) .
            .addr   ((((cnt) * 16 + gen_i )* (i + 1) % 255)),
                                                     |
xmelab: *W,CUVMPW (../syndrome_slice.v,29|53): port sizes differ in port connection(32/8) for the instance(syndrome_tb.uut.gen_syndrome_slice[9].syndrome_slice_int.genblk1[10]) .
            .addr   ((((cnt) * 16 + gen_i )* (i + 1) % 255)),
                                                     |
xmelab: *W,CUVMPW (../syndrome_slice.v,29|53): port sizes differ in port connection(32/8) for the instance(syndrome_tb.uut.gen_syndrome_slice[9].syndrome_slice_int.genblk1[9]) .
            .addr   ((((cnt) * 16 + gen_i )* (i + 1) % 255)),
                                                     |
xmelab: *W,CUVMPW (../syndrome_slice.v,29|53): port sizes differ in port connection(32/8) for the instance(syndrome_tb.uut.gen_syndrome_slice[9].syndrome_slice_int.genblk1[8]) .
            .addr   ((((cnt) * 16 + gen_i )* (i + 1) % 255)),
                                                     |
xmelab: *W,CUVMPW (../syndrome_slice.v,29|53): port sizes differ in port connection(32/8) for the instance(syndrome_tb.uut.gen_syndrome_slice[9].syndrome_slice_int.genblk1[7]) .
            .addr   ((((cnt) * 16 + gen_i )* (i + 1) % 255)),
                                                     |
xmelab: *W,CUVMPW (../syndrome_slice.v,29|53): port sizes differ in port connection(32/8) for the instance(syndrome_tb.uut.gen_syndrome_slice[9].syndrome_slice_int.genblk1[6]) .
            .addr   ((((cnt) * 16 + gen_i )* (i + 1) % 255)),
                                                     |
xmelab: *W,CUVMPW (../syndrome_slice.v,29|53): port sizes differ in port connection(32/8) for the instance(syndrome_tb.uut.gen_syndrome_slice[9].syndrome_slice_int.genblk1[5]) .
            .addr   ((((cnt) * 16 + gen_i )* (i + 1) % 255)),
                                                     |
xmelab: *W,CUVMPW (../syndrome_slice.v,29|53): port sizes differ in port connection(32/8) for the instance(syndrome_tb.uut.gen_syndrome_slice[9].syndrome_slice_int.genblk1[4]) .
            .addr   ((((cnt) * 16 + gen_i )* (i + 1) % 255)),
                                                     |
xmelab: *W,CUVMPW (../syndrome_slice.v,29|53): port sizes differ in port connection(32/8) for the instance(syndrome_tb.uut.gen_syndrome_slice[9].syndrome_slice_int.genblk1[3]) .
            .addr   ((((cnt) * 16 + gen_i )* (i + 1) % 255)),
                                                     |
xmelab: *W,CUVMPW (../syndrome_slice.v,29|53): port sizes differ in port connection(32/8) for the instance(syndrome_tb.uut.gen_syndrome_slice[9].syndrome_slice_int.genblk1[2]) .
            .addr   ((((cnt) * 16 + gen_i )* (i + 1) % 255)),
                                                     |
xmelab: *W,CUVMPW (../syndrome_slice.v,29|53): port sizes differ in port connection(32/8) for the instance(syndrome_tb.uut.gen_syndrome_slice[9].syndrome_slice_int.genblk1[1]) .
            .addr   ((((cnt) * 16 + gen_i )* (i + 1) % 255)),
                                                     |
xmelab: *W,CUVMPW (../syndrome_slice.v,29|53): port sizes differ in port connection(32/8) for the instance(syndrome_tb.uut.gen_syndrome_slice[9].syndrome_slice_int.genblk1[0]) .
            .i          (gen_i),
                             |
xmelab: *W,CUVMPW (../syndrome.v,22|29): port sizes differ in port connection(32/4) for the instance(syndrome_tb.uut.gen_syndrome_slice[8]) .
            .addr   ((((cnt) * 16 + gen_i )* (i + 1) % 255)),
                                                     |
xmelab: *W,CUVMPW (../syndrome_slice.v,29|53): port sizes differ in port connection(32/8) for the instance(syndrome_tb.uut.gen_syndrome_slice[8].syndrome_slice_int.genblk1[15]) .
            .addr   ((((cnt) * 16 + gen_i )* (i + 1) % 255)),
                                                     |
xmelab: *W,CUVMPW (../syndrome_slice.v,29|53): port sizes differ in port connection(32/8) for the instance(syndrome_tb.uut.gen_syndrome_slice[8].syndrome_slice_int.genblk1[14]) .
            .addr   ((((cnt) * 16 + gen_i )* (i + 1) % 255)),
                                                     |
xmelab: *W,CUVMPW (../syndrome_slice.v,29|53): port sizes differ in port connection(32/8) for the instance(syndrome_tb.uut.gen_syndrome_slice[8].syndrome_slice_int.genblk1[13]) .
            .addr   ((((cnt) * 16 + gen_i )* (i + 1) % 255)),
                                                     |
xmelab: *W,CUVMPW (../syndrome_slice.v,29|53): port sizes differ in port connection(32/8) for the instance(syndrome_tb.uut.gen_syndrome_slice[8].syndrome_slice_int.genblk1[12]) .
            .addr   ((((cnt) * 16 + gen_i )* (i + 1) % 255)),
                                                     |
xmelab: *W,CUVMPW (../syndrome_slice.v,29|53): port sizes differ in port connection(32/8) for the instance(syndrome_tb.uut.gen_syndrome_slice[8].syndrome_slice_int.genblk1[11]) .
            .addr   ((((cnt) * 16 + gen_i )* (i + 1) % 255)),
                                                     |
xmelab: *W,CUVMPW (../syndrome_slice.v,29|53): port sizes differ in port connection(32/8) for the instance(syndrome_tb.uut.gen_syndrome_slice[8].syndrome_slice_int.genblk1[10]) .
            .addr   ((((cnt) * 16 + gen_i )* (i + 1) % 255)),
                                                     |
xmelab: *W,CUVMPW (../syndrome_slice.v,29|53): port sizes differ in port connection(32/8) for the instance(syndrome_tb.uut.gen_syndrome_slice[8].syndrome_slice_int.genblk1[9]) .
            .addr   ((((cnt) * 16 + gen_i )* (i + 1) % 255)),
                                                     |
xmelab: *W,CUVMPW (../syndrome_slice.v,29|53): port sizes differ in port connection(32/8) for the instance(syndrome_tb.uut.gen_syndrome_slice[8].syndrome_slice_int.genblk1[8]) .
            .addr   ((((cnt) * 16 + gen_i )* (i + 1) % 255)),
                                                     |
xmelab: *W,CUVMPW (../syndrome_slice.v,29|53): port sizes differ in port connection(32/8) for the instance(syndrome_tb.uut.gen_syndrome_slice[8].syndrome_slice_int.genblk1[7]) .
            .addr   ((((cnt) * 16 + gen_i )* (i + 1) % 255)),
                                                     |
xmelab: *W,CUVMPW (../syndrome_slice.v,29|53): port sizes differ in port connection(32/8) for the instance(syndrome_tb.uut.gen_syndrome_slice[8].syndrome_slice_int.genblk1[6]) .
            .addr   ((((cnt) * 16 + gen_i )* (i + 1) % 255)),
                                                     |
xmelab: *W,CUVMPW (../syndrome_slice.v,29|53): port sizes differ in port connection(32/8) for the instance(syndrome_tb.uut.gen_syndrome_slice[8].syndrome_slice_int.genblk1[5]) .
            .addr   ((((cnt) * 16 + gen_i )* (i + 1) % 255)),
                                                     |
xmelab: *W,CUVMPW (../syndrome_slice.v,29|53): port sizes differ in port connection(32/8) for the instance(syndrome_tb.uut.gen_syndrome_slice[8].syndrome_slice_int.genblk1[4]) .
            .addr   ((((cnt) * 16 + gen_i )* (i + 1) % 255)),
                                                     |
xmelab: *W,CUVMPW (../syndrome_slice.v,29|53): port sizes differ in port connection(32/8) for the instance(syndrome_tb.uut.gen_syndrome_slice[8].syndrome_slice_int.genblk1[3]) .
            .addr   ((((cnt) * 16 + gen_i )* (i + 1) % 255)),
                                                     |
xmelab: *W,CUVMPW (../syndrome_slice.v,29|53): port sizes differ in port connection(32/8) for the instance(syndrome_tb.uut.gen_syndrome_slice[8].syndrome_slice_int.genblk1[2]) .
            .addr   ((((cnt) * 16 + gen_i )* (i + 1) % 255)),
                                                     |
xmelab: *W,CUVMPW (../syndrome_slice.v,29|53): port sizes differ in port connection(32/8) for the instance(syndrome_tb.uut.gen_syndrome_slice[8].syndrome_slice_int.genblk1[1]) .
            .addr   ((((cnt) * 16 + gen_i )* (i + 1) % 255)),
                                                     |
xmelab: *W,CUVMPW (../syndrome_slice.v,29|53): port sizes differ in port connection(32/8) for the instance(syndrome_tb.uut.gen_syndrome_slice[8].syndrome_slice_int.genblk1[0]) .
            .i          (gen_i),
                             |
xmelab: *W,CUVMPW (../syndrome.v,22|29): port sizes differ in port connection(32/4) for the instance(syndrome_tb.uut.gen_syndrome_slice[7]) .
            .addr   ((((cnt) * 16 + gen_i )* (i + 1) % 255)),
                                                     |
xmelab: *W,CUVMPW (../syndrome_slice.v,29|53): port sizes differ in port connection(32/8) for the instance(syndrome_tb.uut.gen_syndrome_slice[7].syndrome_slice_int.genblk1[15]) .
            .addr   ((((cnt) * 16 + gen_i )* (i + 1) % 255)),
                                                     |
xmelab: *W,CUVMPW (../syndrome_slice.v,29|53): port sizes differ in port connection(32/8) for the instance(syndrome_tb.uut.gen_syndrome_slice[7].syndrome_slice_int.genblk1[14]) .
            .addr   ((((cnt) * 16 + gen_i )* (i + 1) % 255)),
                                                     |
xmelab: *W,CUVMPW (../syndrome_slice.v,29|53): port sizes differ in port connection(32/8) for the instance(syndrome_tb.uut.gen_syndrome_slice[7].syndrome_slice_int.genblk1[13]) .
            .addr   ((((cnt) * 16 + gen_i )* (i + 1) % 255)),
                                                     |
xmelab: *W,CUVMPW (../syndrome_slice.v,29|53): port sizes differ in port connection(32/8) for the instance(syndrome_tb.uut.gen_syndrome_slice[7].syndrome_slice_int.genblk1[12]) .
            .addr   ((((cnt) * 16 + gen_i )* (i + 1) % 255)),
                                                     |
xmelab: *W,CUVMPW (../syndrome_slice.v,29|53): port sizes differ in port connection(32/8) for the instance(syndrome_tb.uut.gen_syndrome_slice[7].syndrome_slice_int.genblk1[11]) .
            .addr   ((((cnt) * 16 + gen_i )* (i + 1) % 255)),
                                                     |
xmelab: *W,CUVMPW (../syndrome_slice.v,29|53): port sizes differ in port connection(32/8) for the instance(syndrome_tb.uut.gen_syndrome_slice[7].syndrome_slice_int.genblk1[10]) .
            .addr   ((((cnt) * 16 + gen_i )* (i + 1) % 255)),
                                                     |
xmelab: *W,CUVMPW (../syndrome_slice.v,29|53): port sizes differ in port connection(32/8) for the instance(syndrome_tb.uut.gen_syndrome_slice[7].syndrome_slice_int.genblk1[9]) .
            .addr   ((((cnt) * 16 + gen_i )* (i + 1) % 255)),
                                                     |
xmelab: *W,CUVMPW (../syndrome_slice.v,29|53): port sizes differ in port connection(32/8) for the instance(syndrome_tb.uut.gen_syndrome_slice[7].syndrome_slice_int.genblk1[8]) .
            .addr   ((((cnt) * 16 + gen_i )* (i + 1) % 255)),
                                                     |
xmelab: *W,CUVMPW (../syndrome_slice.v,29|53): port sizes differ in port connection(32/8) for the instance(syndrome_tb.uut.gen_syndrome_slice[7].syndrome_slice_int.genblk1[7]) .
            .addr   ((((cnt) * 16 + gen_i )* (i + 1) % 255)),
                                                     |
xmelab: *W,CUVMPW (../syndrome_slice.v,29|53): port sizes differ in port connection(32/8) for the instance(syndrome_tb.uut.gen_syndrome_slice[7].syndrome_slice_int.genblk1[6]) .
            .addr   ((((cnt) * 16 + gen_i )* (i + 1) % 255)),
                                                     |
xmelab: *W,CUVMPW (../syndrome_slice.v,29|53): port sizes differ in port connection(32/8) for the instance(syndrome_tb.uut.gen_syndrome_slice[7].syndrome_slice_int.genblk1[5]) .
            .addr   ((((cnt) * 16 + gen_i )* (i + 1) % 255)),
                                                     |
xmelab: *W,CUVMPW (../syndrome_slice.v,29|53): port sizes differ in port connection(32/8) for the instance(syndrome_tb.uut.gen_syndrome_slice[7].syndrome_slice_int.genblk1[4]) .
            .addr   ((((cnt) * 16 + gen_i )* (i + 1) % 255)),
                                                     |
xmelab: *W,CUVMPW (../syndrome_slice.v,29|53): port sizes differ in port connection(32/8) for the instance(syndrome_tb.uut.gen_syndrome_slice[7].syndrome_slice_int.genblk1[3]) .
            .addr   ((((cnt) * 16 + gen_i )* (i + 1) % 255)),
                                                     |
xmelab: *W,CUVMPW (../syndrome_slice.v,29|53): port sizes differ in port connection(32/8) for the instance(syndrome_tb.uut.gen_syndrome_slice[7].syndrome_slice_int.genblk1[2]) .
            .addr   ((((cnt) * 16 + gen_i )* (i + 1) % 255)),
                                                     |
xmelab: *W,CUVMPW (../syndrome_slice.v,29|53): port sizes differ in port connection(32/8) for the instance(syndrome_tb.uut.gen_syndrome_slice[7].syndrome_slice_int.genblk1[1]) .
            .addr   ((((cnt) * 16 + gen_i )* (i + 1) % 255)),
                                                     |
xmelab: *W,CUVMPW (../syndrome_slice.v,29|53): port sizes differ in port connection(32/8) for the instance(syndrome_tb.uut.gen_syndrome_slice[7].syndrome_slice_int.genblk1[0]) .
            .i          (gen_i),
                             |
xmelab: *W,CUVMPW (../syndrome.v,22|29): port sizes differ in port connection(32/4) for the instance(syndrome_tb.uut.gen_syndrome_slice[6]) .
            .addr   ((((cnt) * 16 + gen_i )* (i + 1) % 255)),
                                                     |
xmelab: *W,CUVMPW (../syndrome_slice.v,29|53): port sizes differ in port connection(32/8) for the instance(syndrome_tb.uut.gen_syndrome_slice[6].syndrome_slice_int.genblk1[15]) .
            .addr   ((((cnt) * 16 + gen_i )* (i + 1) % 255)),
                                                     |
xmelab: *W,CUVMPW (../syndrome_slice.v,29|53): port sizes differ in port connection(32/8) for the instance(syndrome_tb.uut.gen_syndrome_slice[6].syndrome_slice_int.genblk1[14]) .
            .addr   ((((cnt) * 16 + gen_i )* (i + 1) % 255)),
                                                     |
xmelab: *W,CUVMPW (../syndrome_slice.v,29|53): port sizes differ in port connection(32/8) for the instance(syndrome_tb.uut.gen_syndrome_slice[6].syndrome_slice_int.genblk1[13]) .
            .addr   ((((cnt) * 16 + gen_i )* (i + 1) % 255)),
                                                     |
xmelab: *W,CUVMPW (../syndrome_slice.v,29|53): port sizes differ in port connection(32/8) for the instance(syndrome_tb.uut.gen_syndrome_slice[6].syndrome_slice_int.genblk1[12]) .
            .addr   ((((cnt) * 16 + gen_i )* (i + 1) % 255)),
                                                     |
xmelab: *W,CUVMPW (../syndrome_slice.v,29|53): port sizes differ in port connection(32/8) for the instance(syndrome_tb.uut.gen_syndrome_slice[6].syndrome_slice_int.genblk1[11]) .
            .addr   ((((cnt) * 16 + gen_i )* (i + 1) % 255)),
                                                     |
xmelab: *W,CUVMPW (../syndrome_slice.v,29|53): port sizes differ in port connection(32/8) for the instance(syndrome_tb.uut.gen_syndrome_slice[6].syndrome_slice_int.genblk1[10]) .
            .addr   ((((cnt) * 16 + gen_i )* (i + 1) % 255)),
                                                     |
xmelab: *W,CUVMPW (../syndrome_slice.v,29|53): port sizes differ in port connection(32/8) for the instance(syndrome_tb.uut.gen_syndrome_slice[6].syndrome_slice_int.genblk1[9]) .
            .addr   ((((cnt) * 16 + gen_i )* (i + 1) % 255)),
                                                     |
xmelab: *W,CUVMPW (../syndrome_slice.v,29|53): port sizes differ in port connection(32/8) for the instance(syndrome_tb.uut.gen_syndrome_slice[6].syndrome_slice_int.genblk1[8]) .
            .addr   ((((cnt) * 16 + gen_i )* (i + 1) % 255)),
                                                     |
xmelab: *W,CUVMPW (../syndrome_slice.v,29|53): port sizes differ in port connection(32/8) for the instance(syndrome_tb.uut.gen_syndrome_slice[6].syndrome_slice_int.genblk1[7]) .
            .addr   ((((cnt) * 16 + gen_i )* (i + 1) % 255)),
                                                     |
xmelab: *W,CUVMPW (../syndrome_slice.v,29|53): port sizes differ in port connection(32/8) for the instance(syndrome_tb.uut.gen_syndrome_slice[6].syndrome_slice_int.genblk1[6]) .
            .addr   ((((cnt) * 16 + gen_i )* (i + 1) % 255)),
                                                     |
xmelab: *W,CUVMPW (../syndrome_slice.v,29|53): port sizes differ in port connection(32/8) for the instance(syndrome_tb.uut.gen_syndrome_slice[6].syndrome_slice_int.genblk1[5]) .
            .addr   ((((cnt) * 16 + gen_i )* (i + 1) % 255)),
                                                     |
xmelab: *W,CUVMPW (../syndrome_slice.v,29|53): port sizes differ in port connection(32/8) for the instance(syndrome_tb.uut.gen_syndrome_slice[6].syndrome_slice_int.genblk1[4]) .
            .addr   ((((cnt) * 16 + gen_i )* (i + 1) % 255)),
                                                     |
xmelab: *W,CUVMPW (../syndrome_slice.v,29|53): port sizes differ in port connection(32/8) for the instance(syndrome_tb.uut.gen_syndrome_slice[6].syndrome_slice_int.genblk1[3]) .
            .addr   ((((cnt) * 16 + gen_i )* (i + 1) % 255)),
                                                     |
xmelab: *W,CUVMPW (../syndrome_slice.v,29|53): port sizes differ in port connection(32/8) for the instance(syndrome_tb.uut.gen_syndrome_slice[6].syndrome_slice_int.genblk1[2]) .
            .addr   ((((cnt) * 16 + gen_i )* (i + 1) % 255)),
                                                     |
xmelab: *W,CUVMPW (../syndrome_slice.v,29|53): port sizes differ in port connection(32/8) for the instance(syndrome_tb.uut.gen_syndrome_slice[6].syndrome_slice_int.genblk1[1]) .
            .addr   ((((cnt) * 16 + gen_i )* (i + 1) % 255)),
                                                     |
xmelab: *W,CUVMPW (../syndrome_slice.v,29|53): port sizes differ in port connection(32/8) for the instance(syndrome_tb.uut.gen_syndrome_slice[6].syndrome_slice_int.genblk1[0]) .
            .i          (gen_i),
                             |
xmelab: *W,CUVMPW (../syndrome.v,22|29): port sizes differ in port connection(32/4) for the instance(syndrome_tb.uut.gen_syndrome_slice[5]) .
            .addr   ((((cnt) * 16 + gen_i )* (i + 1) % 255)),
                                                     |
xmelab: *W,CUVMPW (../syndrome_slice.v,29|53): port sizes differ in port connection(32/8) for the instance(syndrome_tb.uut.gen_syndrome_slice[5].syndrome_slice_int.genblk1[15]) .
            .addr   ((((cnt) * 16 + gen_i )* (i + 1) % 255)),
                                                     |
xmelab: *W,CUVMPW (../syndrome_slice.v,29|53): port sizes differ in port connection(32/8) for the instance(syndrome_tb.uut.gen_syndrome_slice[5].syndrome_slice_int.genblk1[14]) .
            .addr   ((((cnt) * 16 + gen_i )* (i + 1) % 255)),
                                                     |
xmelab: *W,CUVMPW (../syndrome_slice.v,29|53): port sizes differ in port connection(32/8) for the instance(syndrome_tb.uut.gen_syndrome_slice[5].syndrome_slice_int.genblk1[13]) .
            .addr   ((((cnt) * 16 + gen_i )* (i + 1) % 255)),
                                                     |
xmelab: *W,CUVMPW (../syndrome_slice.v,29|53): port sizes differ in port connection(32/8) for the instance(syndrome_tb.uut.gen_syndrome_slice[5].syndrome_slice_int.genblk1[12]) .
            .addr   ((((cnt) * 16 + gen_i )* (i + 1) % 255)),
                                                     |
xmelab: *W,CUVMPW (../syndrome_slice.v,29|53): port sizes differ in port connection(32/8) for the instance(syndrome_tb.uut.gen_syndrome_slice[5].syndrome_slice_int.genblk1[11]) .
            .addr   ((((cnt) * 16 + gen_i )* (i + 1) % 255)),
                                                     |
xmelab: *W,CUVMPW (../syndrome_slice.v,29|53): port sizes differ in port connection(32/8) for the instance(syndrome_tb.uut.gen_syndrome_slice[5].syndrome_slice_int.genblk1[10]) .
            .addr   ((((cnt) * 16 + gen_i )* (i + 1) % 255)),
                                                     |
xmelab: *W,CUVMPW (../syndrome_slice.v,29|53): port sizes differ in port connection(32/8) for the instance(syndrome_tb.uut.gen_syndrome_slice[5].syndrome_slice_int.genblk1[9]) .
            .addr   ((((cnt) * 16 + gen_i )* (i + 1) % 255)),
                                                     |
xmelab: *W,CUVMPW (../syndrome_slice.v,29|53): port sizes differ in port connection(32/8) for the instance(syndrome_tb.uut.gen_syndrome_slice[5].syndrome_slice_int.genblk1[8]) .
            .addr   ((((cnt) * 16 + gen_i )* (i + 1) % 255)),
                                                     |
xmelab: *W,CUVMPW (../syndrome_slice.v,29|53): port sizes differ in port connection(32/8) for the instance(syndrome_tb.uut.gen_syndrome_slice[5].syndrome_slice_int.genblk1[7]) .
            .addr   ((((cnt) * 16 + gen_i )* (i + 1) % 255)),
                                                     |
xmelab: *W,CUVMPW (../syndrome_slice.v,29|53): port sizes differ in port connection(32/8) for the instance(syndrome_tb.uut.gen_syndrome_slice[5].syndrome_slice_int.genblk1[6]) .
            .addr   ((((cnt) * 16 + gen_i )* (i + 1) % 255)),
                                                     |
xmelab: *W,CUVMPW (../syndrome_slice.v,29|53): port sizes differ in port connection(32/8) for the instance(syndrome_tb.uut.gen_syndrome_slice[5].syndrome_slice_int.genblk1[5]) .
            .addr   ((((cnt) * 16 + gen_i )* (i + 1) % 255)),
                                                     |
xmelab: *W,CUVMPW (../syndrome_slice.v,29|53): port sizes differ in port connection(32/8) for the instance(syndrome_tb.uut.gen_syndrome_slice[5].syndrome_slice_int.genblk1[4]) .
            .addr   ((((cnt) * 16 + gen_i )* (i + 1) % 255)),
                                                     |
xmelab: *W,CUVMPW (../syndrome_slice.v,29|53): port sizes differ in port connection(32/8) for the instance(syndrome_tb.uut.gen_syndrome_slice[5].syndrome_slice_int.genblk1[3]) .
            .addr   ((((cnt) * 16 + gen_i )* (i + 1) % 255)),
                                                     |
xmelab: *W,CUVMPW (../syndrome_slice.v,29|53): port sizes differ in port connection(32/8) for the instance(syndrome_tb.uut.gen_syndrome_slice[5].syndrome_slice_int.genblk1[2]) .
            .addr   ((((cnt) * 16 + gen_i )* (i + 1) % 255)),
                                                     |
xmelab: *W,CUVMPW (../syndrome_slice.v,29|53): port sizes differ in port connection(32/8) for the instance(syndrome_tb.uut.gen_syndrome_slice[5].syndrome_slice_int.genblk1[1]) .
            .addr   ((((cnt) * 16 + gen_i )* (i + 1) % 255)),
                                                     |
xmelab: *W,CUVMPW (../syndrome_slice.v,29|53): port sizes differ in port connection(32/8) for the instance(syndrome_tb.uut.gen_syndrome_slice[5].syndrome_slice_int.genblk1[0]) .
            .i          (gen_i),
                             |
xmelab: *W,CUVMPW (../syndrome.v,22|29): port sizes differ in port connection(32/4) for the instance(syndrome_tb.uut.gen_syndrome_slice[4]) .
            .addr   ((((cnt) * 16 + gen_i )* (i + 1) % 255)),
                                                     |
xmelab: *W,CUVMPW (../syndrome_slice.v,29|53): port sizes differ in port connection(32/8) for the instance(syndrome_tb.uut.gen_syndrome_slice[4].syndrome_slice_int.genblk1[15]) .
            .addr   ((((cnt) * 16 + gen_i )* (i + 1) % 255)),
                                                     |
xmelab: *W,CUVMPW (../syndrome_slice.v,29|53): port sizes differ in port connection(32/8) for the instance(syndrome_tb.uut.gen_syndrome_slice[4].syndrome_slice_int.genblk1[14]) .
            .addr   ((((cnt) * 16 + gen_i )* (i + 1) % 255)),
                                                     |
xmelab: *W,CUVMPW (../syndrome_slice.v,29|53): port sizes differ in port connection(32/8) for the instance(syndrome_tb.uut.gen_syndrome_slice[4].syndrome_slice_int.genblk1[13]) .
            .addr   ((((cnt) * 16 + gen_i )* (i + 1) % 255)),
                                                     |
xmelab: *W,CUVMPW (../syndrome_slice.v,29|53): port sizes differ in port connection(32/8) for the instance(syndrome_tb.uut.gen_syndrome_slice[4].syndrome_slice_int.genblk1[12]) .
            .addr   ((((cnt) * 16 + gen_i )* (i + 1) % 255)),
                                                     |
xmelab: *W,CUVMPW (../syndrome_slice.v,29|53): port sizes differ in port connection(32/8) for the instance(syndrome_tb.uut.gen_syndrome_slice[4].syndrome_slice_int.genblk1[11]) .
            .addr   ((((cnt) * 16 + gen_i )* (i + 1) % 255)),
                                                     |
xmelab: *W,CUVMPW (../syndrome_slice.v,29|53): port sizes differ in port connection(32/8) for the instance(syndrome_tb.uut.gen_syndrome_slice[4].syndrome_slice_int.genblk1[10]) .
            .addr   ((((cnt) * 16 + gen_i )* (i + 1) % 255)),
                                                     |
xmelab: *W,CUVMPW (../syndrome_slice.v,29|53): port sizes differ in port connection(32/8) for the instance(syndrome_tb.uut.gen_syndrome_slice[4].syndrome_slice_int.genblk1[9]) .
            .addr   ((((cnt) * 16 + gen_i )* (i + 1) % 255)),
                                                     |
xmelab: *W,CUVMPW (../syndrome_slice.v,29|53): port sizes differ in port connection(32/8) for the instance(syndrome_tb.uut.gen_syndrome_slice[4].syndrome_slice_int.genblk1[8]) .
            .addr   ((((cnt) * 16 + gen_i )* (i + 1) % 255)),
                                                     |
xmelab: *W,CUVMPW (../syndrome_slice.v,29|53): port sizes differ in port connection(32/8) for the instance(syndrome_tb.uut.gen_syndrome_slice[4].syndrome_slice_int.genblk1[7]) .
            .addr   ((((cnt) * 16 + gen_i )* (i + 1) % 255)),
                                                     |
xmelab: *W,CUVMPW (../syndrome_slice.v,29|53): port sizes differ in port connection(32/8) for the instance(syndrome_tb.uut.gen_syndrome_slice[4].syndrome_slice_int.genblk1[6]) .
            .addr   ((((cnt) * 16 + gen_i )* (i + 1) % 255)),
                                                     |
xmelab: *W,CUVMPW (../syndrome_slice.v,29|53): port sizes differ in port connection(32/8) for the instance(syndrome_tb.uut.gen_syndrome_slice[4].syndrome_slice_int.genblk1[5]) .
            .addr   ((((cnt) * 16 + gen_i )* (i + 1) % 255)),
                                                     |
xmelab: *W,CUVMPW (../syndrome_slice.v,29|53): port sizes differ in port connection(32/8) for the instance(syndrome_tb.uut.gen_syndrome_slice[4].syndrome_slice_int.genblk1[4]) .
            .addr   ((((cnt) * 16 + gen_i )* (i + 1) % 255)),
                                                     |
xmelab: *W,CUVMPW (../syndrome_slice.v,29|53): port sizes differ in port connection(32/8) for the instance(syndrome_tb.uut.gen_syndrome_slice[4].syndrome_slice_int.genblk1[3]) .
            .addr   ((((cnt) * 16 + gen_i )* (i + 1) % 255)),
                                                     |
xmelab: *W,CUVMPW (../syndrome_slice.v,29|53): port sizes differ in port connection(32/8) for the instance(syndrome_tb.uut.gen_syndrome_slice[4].syndrome_slice_int.genblk1[2]) .
            .addr   ((((cnt) * 16 + gen_i )* (i + 1) % 255)),
                                                     |
xmelab: *W,CUVMPW (../syndrome_slice.v,29|53): port sizes differ in port connection(32/8) for the instance(syndrome_tb.uut.gen_syndrome_slice[4].syndrome_slice_int.genblk1[1]) .
            .addr   ((((cnt) * 16 + gen_i )* (i + 1) % 255)),
                                                     |
xmelab: *W,CUVMPW (../syndrome_slice.v,29|53): port sizes differ in port connection(32/8) for the instance(syndrome_tb.uut.gen_syndrome_slice[4].syndrome_slice_int.genblk1[0]) .
            .i          (gen_i),
                             |
xmelab: *W,CUVMPW (../syndrome.v,22|29): port sizes differ in port connection(32/4) for the instance(syndrome_tb.uut.gen_syndrome_slice[3]) .
            .addr   ((((cnt) * 16 + gen_i )* (i + 1) % 255)),
                                                     |
xmelab: *W,CUVMPW (../syndrome_slice.v,29|53): port sizes differ in port connection(32/8) for the instance(syndrome_tb.uut.gen_syndrome_slice[3].syndrome_slice_int.genblk1[15]) .
            .addr   ((((cnt) * 16 + gen_i )* (i + 1) % 255)),
                                                     |
xmelab: *W,CUVMPW (../syndrome_slice.v,29|53): port sizes differ in port connection(32/8) for the instance(syndrome_tb.uut.gen_syndrome_slice[3].syndrome_slice_int.genblk1[14]) .
            .addr   ((((cnt) * 16 + gen_i )* (i + 1) % 255)),
                                                     |
xmelab: *W,CUVMPW (../syndrome_slice.v,29|53): port sizes differ in port connection(32/8) for the instance(syndrome_tb.uut.gen_syndrome_slice[3].syndrome_slice_int.genblk1[13]) .
            .addr   ((((cnt) * 16 + gen_i )* (i + 1) % 255)),
                                                     |
xmelab: *W,CUVMPW (../syndrome_slice.v,29|53): port sizes differ in port connection(32/8) for the instance(syndrome_tb.uut.gen_syndrome_slice[3].syndrome_slice_int.genblk1[12]) .
            .addr   ((((cnt) * 16 + gen_i )* (i + 1) % 255)),
                                                     |
xmelab: *W,CUVMPW (../syndrome_slice.v,29|53): port sizes differ in port connection(32/8) for the instance(syndrome_tb.uut.gen_syndrome_slice[3].syndrome_slice_int.genblk1[11]) .
            .addr   ((((cnt) * 16 + gen_i )* (i + 1) % 255)),
                                                     |
xmelab: *W,CUVMPW (../syndrome_slice.v,29|53): port sizes differ in port connection(32/8) for the instance(syndrome_tb.uut.gen_syndrome_slice[3].syndrome_slice_int.genblk1[10]) .
            .addr   ((((cnt) * 16 + gen_i )* (i + 1) % 255)),
                                                     |
xmelab: *W,CUVMPW (../syndrome_slice.v,29|53): port sizes differ in port connection(32/8) for the instance(syndrome_tb.uut.gen_syndrome_slice[3].syndrome_slice_int.genblk1[9]) .
            .addr   ((((cnt) * 16 + gen_i )* (i + 1) % 255)),
                                                     |
xmelab: *W,CUVMPW (../syndrome_slice.v,29|53): port sizes differ in port connection(32/8) for the instance(syndrome_tb.uut.gen_syndrome_slice[3].syndrome_slice_int.genblk1[8]) .
            .addr   ((((cnt) * 16 + gen_i )* (i + 1) % 255)),
                                                     |
xmelab: *W,CUVMPW (../syndrome_slice.v,29|53): port sizes differ in port connection(32/8) for the instance(syndrome_tb.uut.gen_syndrome_slice[3].syndrome_slice_int.genblk1[7]) .
            .addr   ((((cnt) * 16 + gen_i )* (i + 1) % 255)),
                                                     |
xmelab: *W,CUVMPW (../syndrome_slice.v,29|53): port sizes differ in port connection(32/8) for the instance(syndrome_tb.uut.gen_syndrome_slice[3].syndrome_slice_int.genblk1[6]) .
            .addr   ((((cnt) * 16 + gen_i )* (i + 1) % 255)),
                                                     |
xmelab: *W,CUVMPW (../syndrome_slice.v,29|53): port sizes differ in port connection(32/8) for the instance(syndrome_tb.uut.gen_syndrome_slice[3].syndrome_slice_int.genblk1[5]) .
            .addr   ((((cnt) * 16 + gen_i )* (i + 1) % 255)),
                                                     |
xmelab: *W,CUVMPW (../syndrome_slice.v,29|53): port sizes differ in port connection(32/8) for the instance(syndrome_tb.uut.gen_syndrome_slice[3].syndrome_slice_int.genblk1[4]) .
            .addr   ((((cnt) * 16 + gen_i )* (i + 1) % 255)),
                                                     |
xmelab: *W,CUVMPW (../syndrome_slice.v,29|53): port sizes differ in port connection(32/8) for the instance(syndrome_tb.uut.gen_syndrome_slice[3].syndrome_slice_int.genblk1[3]) .
            .addr   ((((cnt) * 16 + gen_i )* (i + 1) % 255)),
                                                     |
xmelab: *W,CUVMPW (../syndrome_slice.v,29|53): port sizes differ in port connection(32/8) for the instance(syndrome_tb.uut.gen_syndrome_slice[3].syndrome_slice_int.genblk1[2]) .
            .addr   ((((cnt) * 16 + gen_i )* (i + 1) % 255)),
                                                     |
xmelab: *W,CUVMPW (../syndrome_slice.v,29|53): port sizes differ in port connection(32/8) for the instance(syndrome_tb.uut.gen_syndrome_slice[3].syndrome_slice_int.genblk1[1]) .
            .addr   ((((cnt) * 16 + gen_i )* (i + 1) % 255)),
                                                     |
xmelab: *W,CUVMPW (../syndrome_slice.v,29|53): port sizes differ in port connection(32/8) for the instance(syndrome_tb.uut.gen_syndrome_slice[3].syndrome_slice_int.genblk1[0]) .
            .i          (gen_i),
                             |
xmelab: *W,CUVMPW (../syndrome.v,22|29): port sizes differ in port connection(32/4) for the instance(syndrome_tb.uut.gen_syndrome_slice[2]) .
            .addr   ((((cnt) * 16 + gen_i )* (i + 1) % 255)),
                                                     |
xmelab: *W,CUVMPW (../syndrome_slice.v,29|53): port sizes differ in port connection(32/8) for the instance(syndrome_tb.uut.gen_syndrome_slice[2].syndrome_slice_int.genblk1[15]) .
            .addr   ((((cnt) * 16 + gen_i )* (i + 1) % 255)),
                                                     |
xmelab: *W,CUVMPW (../syndrome_slice.v,29|53): port sizes differ in port connection(32/8) for the instance(syndrome_tb.uut.gen_syndrome_slice[2].syndrome_slice_int.genblk1[14]) .
            .addr   ((((cnt) * 16 + gen_i )* (i + 1) % 255)),
                                                     |
xmelab: *W,CUVMPW (../syndrome_slice.v,29|53): port sizes differ in port connection(32/8) for the instance(syndrome_tb.uut.gen_syndrome_slice[2].syndrome_slice_int.genblk1[13]) .
            .addr   ((((cnt) * 16 + gen_i )* (i + 1) % 255)),
                                                     |
xmelab: *W,CUVMPW (../syndrome_slice.v,29|53): port sizes differ in port connection(32/8) for the instance(syndrome_tb.uut.gen_syndrome_slice[2].syndrome_slice_int.genblk1[12]) .
            .addr   ((((cnt) * 16 + gen_i )* (i + 1) % 255)),
                                                     |
xmelab: *W,CUVMPW (../syndrome_slice.v,29|53): port sizes differ in port connection(32/8) for the instance(syndrome_tb.uut.gen_syndrome_slice[2].syndrome_slice_int.genblk1[11]) .
            .addr   ((((cnt) * 16 + gen_i )* (i + 1) % 255)),
                                                     |
xmelab: *W,CUVMPW (../syndrome_slice.v,29|53): port sizes differ in port connection(32/8) for the instance(syndrome_tb.uut.gen_syndrome_slice[2].syndrome_slice_int.genblk1[10]) .
            .addr   ((((cnt) * 16 + gen_i )* (i + 1) % 255)),
                                                     |
xmelab: *W,CUVMPW (../syndrome_slice.v,29|53): port sizes differ in port connection(32/8) for the instance(syndrome_tb.uut.gen_syndrome_slice[2].syndrome_slice_int.genblk1[9]) .
            .addr   ((((cnt) * 16 + gen_i )* (i + 1) % 255)),
                                                     |
xmelab: *W,CUVMPW (../syndrome_slice.v,29|53): port sizes differ in port connection(32/8) for the instance(syndrome_tb.uut.gen_syndrome_slice[2].syndrome_slice_int.genblk1[8]) .
            .addr   ((((cnt) * 16 + gen_i )* (i + 1) % 255)),
                                                     |
xmelab: *W,CUVMPW (../syndrome_slice.v,29|53): port sizes differ in port connection(32/8) for the instance(syndrome_tb.uut.gen_syndrome_slice[2].syndrome_slice_int.genblk1[7]) .
            .addr   ((((cnt) * 16 + gen_i )* (i + 1) % 255)),
                                                     |
xmelab: *W,CUVMPW (../syndrome_slice.v,29|53): port sizes differ in port connection(32/8) for the instance(syndrome_tb.uut.gen_syndrome_slice[2].syndrome_slice_int.genblk1[6]) .
            .addr   ((((cnt) * 16 + gen_i )* (i + 1) % 255)),
                                                     |
xmelab: *W,CUVMPW (../syndrome_slice.v,29|53): port sizes differ in port connection(32/8) for the instance(syndrome_tb.uut.gen_syndrome_slice[2].syndrome_slice_int.genblk1[5]) .
            .addr   ((((cnt) * 16 + gen_i )* (i + 1) % 255)),
                                                     |
xmelab: *W,CUVMPW (../syndrome_slice.v,29|53): port sizes differ in port connection(32/8) for the instance(syndrome_tb.uut.gen_syndrome_slice[2].syndrome_slice_int.genblk1[4]) .
            .addr   ((((cnt) * 16 + gen_i )* (i + 1) % 255)),
                                                     |
xmelab: *W,CUVMPW (../syndrome_slice.v,29|53): port sizes differ in port connection(32/8) for the instance(syndrome_tb.uut.gen_syndrome_slice[2].syndrome_slice_int.genblk1[3]) .
            .addr   ((((cnt) * 16 + gen_i )* (i + 1) % 255)),
                                                     |
xmelab: *W,CUVMPW (../syndrome_slice.v,29|53): port sizes differ in port connection(32/8) for the instance(syndrome_tb.uut.gen_syndrome_slice[2].syndrome_slice_int.genblk1[2]) .
            .addr   ((((cnt) * 16 + gen_i )* (i + 1) % 255)),
                                                     |
xmelab: *W,CUVMPW (../syndrome_slice.v,29|53): port sizes differ in port connection(32/8) for the instance(syndrome_tb.uut.gen_syndrome_slice[2].syndrome_slice_int.genblk1[1]) .
            .addr   ((((cnt) * 16 + gen_i )* (i + 1) % 255)),
                                                     |
xmelab: *W,CUVMPW (../syndrome_slice.v,29|53): port sizes differ in port connection(32/8) for the instance(syndrome_tb.uut.gen_syndrome_slice[2].syndrome_slice_int.genblk1[0]) .
            .i          (gen_i),
                             |
xmelab: *W,CUVMPW (../syndrome.v,22|29): port sizes differ in port connection(32/4) for the instance(syndrome_tb.uut.gen_syndrome_slice[1]) .
            .addr   ((((cnt) * 16 + gen_i )* (i + 1) % 255)),
                                                     |
xmelab: *W,CUVMPW (../syndrome_slice.v,29|53): port sizes differ in port connection(32/8) for the instance(syndrome_tb.uut.gen_syndrome_slice[1].syndrome_slice_int.genblk1[15]) .
            .addr   ((((cnt) * 16 + gen_i )* (i + 1) % 255)),
                                                     |
xmelab: *W,CUVMPW (../syndrome_slice.v,29|53): port sizes differ in port connection(32/8) for the instance(syndrome_tb.uut.gen_syndrome_slice[1].syndrome_slice_int.genblk1[14]) .
            .addr   ((((cnt) * 16 + gen_i )* (i + 1) % 255)),
                                                     |
xmelab: *W,CUVMPW (../syndrome_slice.v,29|53): port sizes differ in port connection(32/8) for the instance(syndrome_tb.uut.gen_syndrome_slice[1].syndrome_slice_int.genblk1[13]) .
            .addr   ((((cnt) * 16 + gen_i )* (i + 1) % 255)),
                                                     |
xmelab: *W,CUVMPW (../syndrome_slice.v,29|53): port sizes differ in port connection(32/8) for the instance(syndrome_tb.uut.gen_syndrome_slice[1].syndrome_slice_int.genblk1[12]) .
            .addr   ((((cnt) * 16 + gen_i )* (i + 1) % 255)),
                                                     |
xmelab: *W,CUVMPW (../syndrome_slice.v,29|53): port sizes differ in port connection(32/8) for the instance(syndrome_tb.uut.gen_syndrome_slice[1].syndrome_slice_int.genblk1[11]) .
            .addr   ((((cnt) * 16 + gen_i )* (i + 1) % 255)),
                                                     |
xmelab: *W,CUVMPW (../syndrome_slice.v,29|53): port sizes differ in port connection(32/8) for the instance(syndrome_tb.uut.gen_syndrome_slice[1].syndrome_slice_int.genblk1[10]) .
            .addr   ((((cnt) * 16 + gen_i )* (i + 1) % 255)),
                                                     |
xmelab: *W,CUVMPW (../syndrome_slice.v,29|53): port sizes differ in port connection(32/8) for the instance(syndrome_tb.uut.gen_syndrome_slice[1].syndrome_slice_int.genblk1[9]) .
            .addr   ((((cnt) * 16 + gen_i )* (i + 1) % 255)),
                                                     |
xmelab: *W,CUVMPW (../syndrome_slice.v,29|53): port sizes differ in port connection(32/8) for the instance(syndrome_tb.uut.gen_syndrome_slice[1].syndrome_slice_int.genblk1[8]) .
            .addr   ((((cnt) * 16 + gen_i )* (i + 1) % 255)),
                                                     |
xmelab: *W,CUVMPW (../syndrome_slice.v,29|53): port sizes differ in port connection(32/8) for the instance(syndrome_tb.uut.gen_syndrome_slice[1].syndrome_slice_int.genblk1[7]) .
            .addr   ((((cnt) * 16 + gen_i )* (i + 1) % 255)),
                                                     |
xmelab: *W,CUVMPW (../syndrome_slice.v,29|53): port sizes differ in port connection(32/8) for the instance(syndrome_tb.uut.gen_syndrome_slice[1].syndrome_slice_int.genblk1[6]) .
            .addr   ((((cnt) * 16 + gen_i )* (i + 1) % 255)),
                                                     |
xmelab: *W,CUVMPW (../syndrome_slice.v,29|53): port sizes differ in port connection(32/8) for the instance(syndrome_tb.uut.gen_syndrome_slice[1].syndrome_slice_int.genblk1[5]) .
            .addr   ((((cnt) * 16 + gen_i )* (i + 1) % 255)),
                                                     |
xmelab: *W,CUVMPW (../syndrome_slice.v,29|53): port sizes differ in port connection(32/8) for the instance(syndrome_tb.uut.gen_syndrome_slice[1].syndrome_slice_int.genblk1[4]) .
            .addr   ((((cnt) * 16 + gen_i )* (i + 1) % 255)),
                                                     |
xmelab: *W,CUVMPW (../syndrome_slice.v,29|53): port sizes differ in port connection(32/8) for the instance(syndrome_tb.uut.gen_syndrome_slice[1].syndrome_slice_int.genblk1[3]) .
            .addr   ((((cnt) * 16 + gen_i )* (i + 1) % 255)),
                                                     |
xmelab: *W,CUVMPW (../syndrome_slice.v,29|53): port sizes differ in port connection(32/8) for the instance(syndrome_tb.uut.gen_syndrome_slice[1].syndrome_slice_int.genblk1[2]) .
            .addr   ((((cnt) * 16 + gen_i )* (i + 1) % 255)),
                                                     |
xmelab: *W,CUVMPW (../syndrome_slice.v,29|53): port sizes differ in port connection(32/8) for the instance(syndrome_tb.uut.gen_syndrome_slice[1].syndrome_slice_int.genblk1[1]) .
            .addr   ((((cnt) * 16 + gen_i )* (i + 1) % 255)),
                                                     |
xmelab: *W,CUVMPW (../syndrome_slice.v,29|53): port sizes differ in port connection(32/8) for the instance(syndrome_tb.uut.gen_syndrome_slice[1].syndrome_slice_int.genblk1[0]) .
            .i          (gen_i),
                             |
xmelab: *W,CUVMPW (../syndrome.v,22|29): port sizes differ in port connection(32/4) for the instance(syndrome_tb.uut.gen_syndrome_slice[0]) .
            .addr   ((((cnt) * 16 + gen_i )* (i + 1) % 255)),
                                                     |
xmelab: *W,CUVMPW (../syndrome_slice.v,29|53): port sizes differ in port connection(32/8) for the instance(syndrome_tb.uut.gen_syndrome_slice[0].syndrome_slice_int.genblk1[15]) .
            .addr   ((((cnt) * 16 + gen_i )* (i + 1) % 255)),
                                                     |
xmelab: *W,CUVMPW (../syndrome_slice.v,29|53): port sizes differ in port connection(32/8) for the instance(syndrome_tb.uut.gen_syndrome_slice[0].syndrome_slice_int.genblk1[14]) .
            .addr   ((((cnt) * 16 + gen_i )* (i + 1) % 255)),
                                                     |
xmelab: *W,CUVMPW (../syndrome_slice.v,29|53): port sizes differ in port connection(32/8) for the instance(syndrome_tb.uut.gen_syndrome_slice[0].syndrome_slice_int.genblk1[13]) .
            .addr   ((((cnt) * 16 + gen_i )* (i + 1) % 255)),
                                                     |
xmelab: *W,CUVMPW (../syndrome_slice.v,29|53): port sizes differ in port connection(32/8) for the instance(syndrome_tb.uut.gen_syndrome_slice[0].syndrome_slice_int.genblk1[12]) .
            .addr   ((((cnt) * 16 + gen_i )* (i + 1) % 255)),
                                                     |
xmelab: *W,CUVMPW (../syndrome_slice.v,29|53): port sizes differ in port connection(32/8) for the instance(syndrome_tb.uut.gen_syndrome_slice[0].syndrome_slice_int.genblk1[11]) .
            .addr   ((((cnt) * 16 + gen_i )* (i + 1) % 255)),
                                                     |
xmelab: *W,CUVMPW (../syndrome_slice.v,29|53): port sizes differ in port connection(32/8) for the instance(syndrome_tb.uut.gen_syndrome_slice[0].syndrome_slice_int.genblk1[10]) .
            .addr   ((((cnt) * 16 + gen_i )* (i + 1) % 255)),
                                                     |
xmelab: *W,CUVMPW (../syndrome_slice.v,29|53): port sizes differ in port connection(32/8) for the instance(syndrome_tb.uut.gen_syndrome_slice[0].syndrome_slice_int.genblk1[9]) .
            .addr   ((((cnt) * 16 + gen_i )* (i + 1) % 255)),
                                                     |
xmelab: *W,CUVMPW (../syndrome_slice.v,29|53): port sizes differ in port connection(32/8) for the instance(syndrome_tb.uut.gen_syndrome_slice[0].syndrome_slice_int.genblk1[8]) .
            .addr   ((((cnt) * 16 + gen_i )* (i + 1) % 255)),
                                                     |
xmelab: *W,CUVMPW (../syndrome_slice.v,29|53): port sizes differ in port connection(32/8) for the instance(syndrome_tb.uut.gen_syndrome_slice[0].syndrome_slice_int.genblk1[7]) .
            .addr   ((((cnt) * 16 + gen_i )* (i + 1) % 255)),
                                                     |
xmelab: *W,CUVMPW (../syndrome_slice.v,29|53): port sizes differ in port connection(32/8) for the instance(syndrome_tb.uut.gen_syndrome_slice[0].syndrome_slice_int.genblk1[6]) .
            .addr   ((((cnt) * 16 + gen_i )* (i + 1) % 255)),
                                                     |
xmelab: *W,CUVMPW (../syndrome_slice.v,29|53): port sizes differ in port connection(32/8) for the instance(syndrome_tb.uut.gen_syndrome_slice[0].syndrome_slice_int.genblk1[5]) .
            .addr   ((((cnt) * 16 + gen_i )* (i + 1) % 255)),
                                                     |
xmelab: *W,CUVMPW (../syndrome_slice.v,29|53): port sizes differ in port connection(32/8) for the instance(syndrome_tb.uut.gen_syndrome_slice[0].syndrome_slice_int.genblk1[4]) .
            .addr   ((((cnt) * 16 + gen_i )* (i + 1) % 255)),
                                                     |
xmelab: *W,CUVMPW (../syndrome_slice.v,29|53): port sizes differ in port connection(32/8) for the instance(syndrome_tb.uut.gen_syndrome_slice[0].syndrome_slice_int.genblk1[3]) .
            .addr   ((((cnt) * 16 + gen_i )* (i + 1) % 255)),
                                                     |
xmelab: *W,CUVMPW (../syndrome_slice.v,29|53): port sizes differ in port connection(32/8) for the instance(syndrome_tb.uut.gen_syndrome_slice[0].syndrome_slice_int.genblk1[2]) .
            .addr   ((((cnt) * 16 + gen_i )* (i + 1) % 255)),
                                                     |
xmelab: *W,CUVMPW (../syndrome_slice.v,29|53): port sizes differ in port connection(32/8) for the instance(syndrome_tb.uut.gen_syndrome_slice[0].syndrome_slice_int.genblk1[1]) .
            .addr   ((((cnt) * 16 + gen_i )* (i + 1) % 255)),
                                                     |
xmelab: *W,CUVMPW (../syndrome_slice.v,29|53): port sizes differ in port connection(32/8) for the instance(syndrome_tb.uut.gen_syndrome_slice[0].syndrome_slice_int.genblk1[0]) .
	Building instance overlay tables: 
xmelab: *W,COVFHT: FSM hold transitions (transitions to the current state) are not extracted for any FSM in default mode.
.................... Done
	Generating native compiled code:
		worklib.gf256_mul:v <0x6f633753>
			streams:   1, words:  2073
		worklib.gf256_power_lut:v <0x301074d7>
			streams:   1, words: 109741
		worklib.syndrome_tb:sv <0x6b677855>
			streams:   8, words: 21685
		worklib.gf256_add:v <0x07529ec3>
			streams:   1, words:   212
		worklib.gf256_inv:v <0x293fa607>
			streams:   1, words: 52234
		worklib.gf256_div:v <0x69a75d43>
			streams:   1, words:   190
		worklib.gf256_mul:v <0x60561ac6>
			streams:   1, words:  1911
		worklib.BerlekampMassey_tb:v <0x71d731c6>
			streams:   8, words: 10598
		worklib.BerlekampMassey:v <0x0163e6ec>
			streams:  95, words: 53361
		worklib.tree_adder:v <0x6f6c81fa>
			streams:   7, words:  6168
		worklib.syndrome:v <0x7adca710>
			streams:   3, words:   958
		worklib.syndrome_slice:v <0x7211766d>
			streams:  28, words:  9994
	Building instance specific data structures.
	Loading native compiled code:     .................... Done
	Design hierarchy summary:
		                  Instances  Unique
		Modules:                584      11
		Registers:             1205      41
		Scalar wires:            26       -
		Expanded wires:        4352     544
		Vectored wires:        1288       -
		Always blocks:          592      19
		Initial blocks:           4       4
		Cont. assignments:      370      41
		Pseudo assignments:     842      17
		Simulation timescale:   1ps
	Writing initial simulation snapshot: worklib.BerlekampMassey_tb:v
	Parallel LWD Data Generation
	Generating Debug Data:
		LWD Database path: (/home/autumn/Desktop/rs_code/reed_solomon/verilog/xrun/xcelium.d/worklib/BerlekampMassey_tb/v/debug_db/BerlekampMassey_tb)
		Power Aware Instances:                    0
		Liberty Instances:                        0
		Out Of Module References:                 3
		Assertions:                               0
		Finite State Machines:                    1
		Liberty Information:
			PG Pins:	                  0
			Liberty Pins:	                  0

Running xmsim on:  Jul 23, 2024 at 06:37:36
xmsim: *W,DSEM2009: This SystemVerilog design is simulated as per IEEE 1800-2009 SystemVerilog simulation semantics. Use -disable_sem2009 option for turning off SV 2009 simulation semantics.

-------------------------------------
Relinquished control to SimVision...
xcelium> 
xcelium> source /usr/Cadence/xrun/tools/xcelium/files/xmsimrc
xcelium> source /usr/Cadence/xrun/tools/methodology/UVM/CDNS-1.1d/additions/sv/files/tcl/uvm_sim.tcl
xcelium> ida_database -open -name="ida.db"

[INDAGO]: Multi-Core recording is enabled

xcelium> ida_probe -log -sv_flow -uvm_reg -log_objects -sv_modules -wave -wave_probe_args= "BerlekampMassey_tb -depth all -all -memories -variables -packed 10000000 -unpacked 10000000 -dynamic" -wave_glitch_recording
database -open ida.db/ida.shm -event 
Created SHM database ida.db/ida.shm

database -setdefault ida.db/ida.shm
ida.db/ida.shm is set as default SHM database

probe BerlekampMassey_tb -depth all -all -memories -variables -packed 10000000 -unpacked 10000000 -dynamic -emptyok
Created probe 1

xcelium> ida_probe -log -sv_flow -uvm_reg -log_objects -sv_modules -wave -wave_probe_args= "syndrome_tb -depth all -all -memories -variables -packed 10000000 -unpacked 10000000 -dynamic" -wave_glitch_recording
probe syndrome_tb -depth all -all -memories -variables -packed 10000000 -unpacked 10000000 -dynamic -emptyok
Created probe 2

xcelium> run
Time=0: valid_out=0, syndrome_out=00000000000000000000000000000000
Sending chunk           0: 0f0e0d0c0b0a09080706050403020100
Time=115000: valid_out=0, syndrome_out=b569c29223d66e6e32c9ebcd4508598f
Sending chunk           1: 1f1e1d1c1b1a19181716151413121110
Time=145000: valid_out=0, syndrome_out=d66de2c531d0ebb426f55fc61367f034
Sending chunk           2: 2f2e2d2c2b2a29282726252423222120
Time=175000: valid_out=0, syndrome_out=7ec6ff2a11f4e74c17dc411b830c498f
Sending chunk           3: 3f3e3d3c3b3a39383736353433323130
Time=205000: valid_out=0, syndrome_out=90ca1a1a094603aa0a79b7cfc796419e
Sending chunk           4: 4f4e4d4c4b4a49484746454443424140
Time=235000: valid_out=0, syndrome_out=dcf35b8adb34ea86b90ba2a379a5b4a8
Sending chunk           5: 5f5e5d5c5b5a59585756555453525150
Time=265000: valid_out=0, syndrome_out=31b732457f8fabbb3b336a73a6e4bd48
Sending chunk           6: 6f6e6d6c6b6a69686766656463626160
Time=295000: valid_out=0, syndrome_out=c025bbb2b970c81d15d3a627291c9591
Sending chunk           7: 7f7e7d7c7b7a79787776757473727170
Time=325000: valid_out=0, syndrome_out=15e1559a5a0aeb0e2d28cf908dac07d1
Sending chunk           8: 8f8e8d8c8b8a89888786858483828180
Time=355000: valid_out=0, syndrome_out=d35684000d0db5b8fe077c0cfa94564e
Sending chunk           9: 9f9e9d9c9b9a99989796959493929190
Time=385000: valid_out=0, syndrome_out=0671f36c8df0fc824c85021631e7a903
Sending chunk          10: afaeadacabaaa9a8a7a6a5a4a3a2a1a0
Time=415000: valid_out=0, syndrome_out=c0ebe2404351b7cc6f3228bd0fec4fbf
Berlekamp-Massey result:
00000000000000000000000000000000
Sending chunk          11: bfbebdbcbbbab9b8b7b6b5b4b3b2b1b0
Time=445000: valid_out=0, syndrome_out=33e8737a04a99789a55a720a2bf052c5
Sending chunk          12: cfcecdcccbcac9c8c7c6c5c4c3c2c1c0
Time=475000: valid_out=0, syndrome_out=f853c3a3c32cfc4ea2194f741c180a1d
Sending chunk          13: dfdedddcdbdad9d8d7d6d5d4d3d2d1d0
Time=505000: valid_out=0, syndrome_out=a2d68a00aa5f632cfc645ec9ebb576a4
Sending chunk          14: 1deeedecebeae9e8e7e6e5e4e3e2e1e0
Time=535000: valid_out=0, syndrome_out=871def0a9aeab81641f6d61593379267
Sending chunk          15: 00609addf6dfb65d505923e65cb3e648
Time=565000: valid_out=0, syndrome_out=50c8de2586383bb6df7a270286c42d1e
Time=575000: valid_out=1, syndrome_out=50c8de2586383bb6df7a270286c42d1e
Syndrome calculation complete
Syndrome: 50c8de2586383bb6df7a270286c42d1e
Simulation complete via $finish(1) at time 680 NS + 0
../syndrome_test.sv:93     $finish;
xcelium> exit
TOOL:	xrun(64)	20.09-s009: Exiting on Jul 23, 2024 at 06:38:57 PDT  (total: 00:01:22)
